<?xml version="1.0" encoding="UTF-8"?>
<!-- Generated by org.testng.reporters.JUnitReportReporter -->
<testsuite skipped="0" hostname="GHINLCPC179H9M" name="com.atc.seleniumframework.tests.Pillow_Purchase" tests="1" failures="0" timestamp="26 Mar 2020 17:03:12 GMT" time="154.876" errors="0">
  <testcase name="Pillow_Purchase" time="154.876" classname="com.atc.seleniumframework.tests.Pillow_Purchase"/>
</testsuite> <!-- com.atc.seleniumframework.tests.Pillow_Purchase -->
