<?xml version="1.0" encoding="UTF-8"?>
<!-- Generated by org.testng.reporters.JUnitReportReporter -->
<testsuite skipped="0" hostname="GHINLCPC179H9M" name="com.atc.seleniumframework.tests.Invalid_CreditCard_Num" tests="1" failures="0" timestamp="26 Mar 2020 13:31:54 GMT" time="30.312" errors="0">
  <testcase name="Invalid_CreditCard_Num" time="30.312" classname="com.atc.seleniumframework.tests.Invalid_CreditCard_Num"/>
</testsuite> <!-- com.atc.seleniumframework.tests.Invalid_CreditCard_Num -->
